<?xml version="1.0" encoding="UTF-8"?>
<testng-results ignored="0" total="1" passed="1" failed="0" skipped="0">
  <reporter-output>
  </reporter-output>
  <suite started-at="2022-11-29T15:47:54 IST" name="Default suite" finished-at="2022-11-29T15:48:18 IST" duration-ms="23530">
    <groups>
    </groups>
    <test started-at="2022-11-29T15:47:54 IST" name="Default test" finished-at="2022-11-29T15:48:18 IST" duration-ms="23530">
      <class name="Airflow_controller_sensor_data.RandomValue">
        <test-method signature="postData()[pri:0, instance:Airflow_controller_sensor_data.RandomValue@6a400542]" started-at="2022-11-29T15:47:54 IST" name="postData" finished-at="2022-11-29T15:48:17 IST" duration-ms="23489" status="PASS">
          <reporter-output>
          </reporter-output>
        </test-method> <!-- postData -->
      </class> <!-- Airflow_controller_sensor_data.RandomValue -->
    </test> <!-- Default test -->
  </suite> <!-- Default suite -->
</testng-results>
